#
# There is insufficient memory for the Java Runtime Environment to continue.
# Native memory allocation (malloc) failed to allocate 661296 bytes for Chunk::new
# Possible reasons:
#   The system is out of physical RAM or swap space
#   In 32 bit mode, the process size limit was hit
# Possible solutions:
#   Reduce memory load on the system
#   Increase physical memory or swap space
#   Check if swap backing store is full
#   Use 64 bit Java on a 64 bit OS
#   Decrease Java heap size (-Xmx/-Xms)
#   Decrease number of Java threads
#   Decrease Java thread stack sizes (-Xss)
#   Set larger code cache with -XX:ReservedCodeCacheSize=
# This output file may be truncated or incomplete.
#
#  Out of Memory Error (allocation.cpp:388), pid=5196, tid=2996
#
# JRE version: Java(TM) SE Runtime Environment (8.0_05-b13) (build 1.8.0_05-b13)
# Java VM: Java HotSpot(TM) 64-Bit Server VM (25.5-b02 mixed mode windows-amd64 compressed oops)
# Failed to write core dump. Minidumps are not enabled by default on client versions of Windows
#

---------------  T H R E A D  ---------------

Current thread (0x0000000014fbe000):  JavaThread "C2 CompilerThread0" daemon [_thread_in_native, id=2996, stack(0x0000000016000000,0x0000000016100000)]

Stack: [0x0000000016000000,0x0000000016100000]
Native frames: (J=compiled Java code, j=interpreted, Vv=VM code, C=native code)
V  [jvm.dll+0x308dea]
V  [jvm.dll+0x25def1]
V  [jvm.dll+0x25eb0f]
V  [jvm.dll+0x2564e5]
V  [jvm.dll+0xbcfc5]
V  [jvm.dll+0xbd45c]
V  [jvm.dll+0x468bac]
V  [jvm.dll+0x4360a3]
V  [jvm.dll+0x44111e]
V  [jvm.dll+0x4436a9]
V  [jvm.dll+0x427532]
V  [jvm.dll+0x96702]
V  [jvm.dll+0x96ef3]
V  [jvm.dll+0x2232c4]
V  [jvm.dll+0x27baca]
C  [msvcr100.dll+0x21d9f]
C  [msvcr100.dll+0x21e3b]
C  [KERNEL32.DLL+0x13d2]
C  [ntdll.dll+0x15454]


Current CompileTask:
C2:  32546 1390       4       java.net.URLClassLoader$1::run (5 bytes)


---------------  P R O C E S S  ---------------

Java Threads: ( => current thread )
  0x0000000014fff800 JavaThread "Stdin handler" [_thread_blocked, id=3800, stack(0x0000000017ee0000,0x0000000017fe0000)]
  0x0000000016ce1800 JavaThread "Daemon worker" [_thread_in_native, id=3808, stack(0x0000000017de0000,0x0000000017ee0000)]
  0x0000000016ce1000 JavaThread "Cancel handler" [_thread_blocked, id=5292, stack(0x0000000017ce0000,0x0000000017de0000)]
  0x0000000016f64800 JavaThread "Handler for socket connection from /127.0.0.1:1054 to /127.0.0.1:1057" [_thread_in_native, id=5864, stack(0x00000000179e0000,0x0000000017ae0000)]
  0x0000000016f63800 JavaThread "Daemon" [_thread_blocked, id=3260, stack(0x00000000178e0000,0x00000000179e0000)]
  0x0000000016be7800 JavaThread "Incoming local TCP Connector on port 1054" [_thread_in_native, id=7024, stack(0x0000000016800000,0x0000000016900000)]
  0x000000001503f000 JavaThread "Service Thread" daemon [_thread_blocked, id=2532, stack(0x0000000016200000,0x0000000016300000)]
  0x0000000014fc3000 JavaThread "C1 CompilerThread1" daemon [_thread_blocked, id=2640, stack(0x0000000016100000,0x0000000016200000)]
=>0x0000000014fbe000 JavaThread "C2 CompilerThread0" daemon [_thread_in_native, id=2996, stack(0x0000000016000000,0x0000000016100000)]
  0x0000000014fbc000 JavaThread "Attach Listener" daemon [_thread_blocked, id=6804, stack(0x0000000015f00000,0x0000000016000000)]
  0x0000000014fb9000 JavaThread "Signal Dispatcher" daemon [_thread_blocked, id=6976, stack(0x0000000015e00000,0x0000000015f00000)]
  0x0000000002b24800 JavaThread "Finalizer" daemon [_thread_blocked, id=2120, stack(0x0000000015d00000,0x0000000015e00000)]
  0x0000000002b1a800 JavaThread "Reference Handler" daemon [_thread_blocked, id=3444, stack(0x0000000015c00000,0x0000000015d00000)]
  0x0000000002a33800 JavaThread "main" [_thread_blocked, id=1108, stack(0x0000000002900000,0x0000000002a00000)]

Other Threads:
  0x0000000014f86800 VMThread [stack: 0x0000000015b00000,0x0000000015c00000] [id=1156]
  0x0000000015040800 WatcherThread [stack: 0x0000000016300000,0x0000000016400000] [id=6412]

VM state:not at safepoint (normal execution)

VM Mutex/Monitor currently owned by a thread: None

Heap:
 PSYoungGen      total 8704K, used 825K [0x00000000eab00000, 0x00000000eb580000, 0x0000000100000000)
  eden space 6656K, 3% used [0x00000000eab00000,0x00000000eab3d228,0x00000000eb180000)
  from space 2048K, 28% used [0x00000000eb380000,0x00000000eb411340,0x00000000eb580000)
  to   space 2048K, 0% used [0x00000000eb180000,0x00000000eb180000,0x00000000eb380000)
 ParOldGen       total 64000K, used 5510K [0x00000000c0000000, 0x00000000c3e80000, 0x00000000eab00000)
  object space 64000K, 8% used [0x00000000c0000000,0x00000000c0561998,0x00000000c3e80000)
 Metaspace       used 15738K, capacity 15976K, committed 16128K, reserved 1062912K
  class space    used 2167K, capacity 2252K, committed 2304K, reserved 1048576K

Card table byte_map: [0x0000000011ef0000,0x0000000012100000] byte_map_base: 0x00000000118f0000

Marking Bits: (ParMarkBitMap*) 0x0000000065e213b0
 Begin Bits: [0x0000000012460000, 0x0000000013460000)
 End Bits:   [0x0000000013460000, 0x0000000014460000)

Polling page: 0x0000000001000000

CodeCache: size=245760Kb used=4763Kb max_used=4763Kb free=240996Kb
 bounds [0x0000000002b30000, 0x0000000002fe0000, 0x0000000011b30000]
 total_blobs=1751 nmethods=1393 adapters=272
 compilation: enabled

Compilation events (10 events):
Event: 30.546 Thread 0x0000000014fc3000 nmethod 1386 0x0000000002fbff50 code [0x0000000002fc00a0, 0x0000000002fc0310]
Event: 30.688 Thread 0x0000000014fc3000 1387       3       java.io.ExpiringCache::entryFor (57 bytes)
Event: 30.688 Thread 0x0000000014fc3000 nmethod 1387 0x0000000002fd5550 code [0x0000000002fd56e0, 0x0000000002fd5c38]
Event: 30.809 Thread 0x0000000014fc3000 1388       3       java.lang.System::getProperty (25 bytes)
Event: 30.813 Thread 0x0000000014fc3000 nmethod 1388 0x0000000002fd48d0 code [0x0000000002fd4aa0, 0x0000000002fd50c8]
Event: 30.834 Thread 0x0000000014fbe000 1389   !   4       java.net.URLClassLoader::findClass (29 bytes)
Event: 30.836 Thread 0x0000000014fbe000 nmethod 1389 0x0000000002fd2f50 code [0x0000000002fd30c0, 0x0000000002fd3228]
Event: 30.836 Thread 0x0000000014fbe000 1390       4       java.net.URLClassLoader$1::run (5 bytes)
Event: 31.343 Thread 0x0000000014fc3000 1392       3       java.lang.String::lastIndexOf (11 bytes)
Event: 31.343 Thread 0x0000000014fc3000 nmethod 1392 0x0000000002fd4390 code [0x0000000002fd4500, 0x0000000002fd4788]

GC Heap History (10 events):
Event: 14.730 GC heap before
{Heap before GC invocations=15 (full 0):
 PSYoungGen      total 8192K, used 7712K [0x00000000eab00000, 0x00000000eb480000, 0x0000000100000000)
  eden space 6656K, 100% used [0x00000000eab00000,0x00000000eb180000,0x00000000eb180000)
  from space 1536K, 68% used [0x00000000eb300000,0x00000000eb408000,0x00000000eb480000)
  to   space 1536K, 0% used [0x00000000eb180000,0x00000000eb180000,0x00000000eb300000)
 ParOldGen       total 64000K, used 2508K [0x00000000c0000000, 0x00000000c3e80000, 0x00000000eab00000)
  object space 64000K, 3% used [0x00000000c0000000,0x00000000c0273278,0x00000000c3e80000)
 Metaspace       used 10062K, capacity 10312K, committed 10496K, reserved 1058816K
  class space    used 1386K, capacity 1452K, committed 1536K, reserved 1048576K
Event: 14.787 GC heap after
Heap after GC invocations=15 (full 0):
 PSYoungGen      total 8192K, used 814K [0x00000000eab00000, 0x00000000eb480000, 0x0000000100000000)
  eden space 6656K, 0% used [0x00000000eab00000,0x00000000eab00000,0x00000000eb180000)
  from space 1536K, 53% used [0x00000000eb180000,0x00000000eb24bb20,0x00000000eb300000)
  to   space 1536K, 0% used [0x00000000eb300000,0x00000000eb300000,0x00000000eb480000)
 ParOldGen       total 64000K, used 3113K [0x00000000c0000000, 0x00000000c3e80000, 0x00000000eab00000)
  object space 64000K, 4% used [0x00000000c0000000,0x00000000c030a710,0x00000000c3e80000)
 Metaspace       used 10062K, capacity 10312K, committed 10496K, reserved 1058816K
  class space    used 1386K, capacity 1452K, committed 1536K, reserved 1048576K
}
Event: 16.808 GC heap before
{Heap before GC invocations=16 (full 0):
 PSYoungGen      total 8192K, used 7470K [0x00000000eab00000, 0x00000000eb480000, 0x0000000100000000)
  eden space 6656K, 100% used [0x00000000eab00000,0x00000000eb180000,0x00000000eb180000)
  from space 1536K, 53% used [0x00000000eb180000,0x00000000eb24bb20,0x00000000eb300000)
  to   space 1536K, 0% used [0x00000000eb300000,0x00000000eb300000,0x00000000eb480000)
 ParOldGen       total 64000K, used 3113K [0x00000000c0000000, 0x00000000c3e80000, 0x00000000eab00000)
  object space 64000K, 4% used [0x00000000c0000000,0x00000000c030a710,0x00000000c3e80000)
 Metaspace       used 10819K, capacity 11112K, committed 11392K, reserved 1058816K
  class space    used 1504K, capacity 1612K, committed 1664K, reserved 1048576K
Event: 16.818 GC heap after
Heap after GC invocations=16 (full 0):
 PSYoungGen      total 8192K, used 887K [0x00000000eab00000, 0x00000000eb480000, 0x0000000100000000)
  eden space 6656K, 0% used [0x00000000eab00000,0x00000000eab00000,0x00000000eb180000)
  from space 1536K, 57% used [0x00000000eb300000,0x00000000eb3ddd20,0x00000000eb480000)
  to   space 1536K, 0% used [0x00000000eb180000,0x00000000eb180000,0x00000000eb300000)
 ParOldGen       total 64000K, used 3297K [0x00000000c0000000, 0x00000000c3e80000, 0x00000000eab00000)
  object space 64000K, 5% used [0x00000000c0000000,0x00000000c0338710,0x00000000c3e80000)
 Metaspace       used 10819K, capacity 11112K, committed 11392K, reserved 1058816K
  class space    used 1504K, capacity 1612K, committed 1664K, reserved 1048576K
}
Event: 22.732 GC heap before
{Heap before GC invocations=17 (full 0):
 PSYoungGen      total 8192K, used 7492K [0x00000000eab00000, 0x00000000eb480000, 0x0000000100000000)
  eden space 6656K, 99% used [0x00000000eab00000,0x00000000eb173568,0x00000000eb180000)
  from space 1536K, 57% used [0x00000000eb300000,0x00000000eb3ddd20,0x00000000eb480000)
  to   space 1536K, 0% used [0x00000000eb180000,0x00000000eb180000,0x00000000eb300000)
 ParOldGen       total 64000K, used 3297K [0x00000000c0000000, 0x00000000c3e80000, 0x00000000eab00000)
  object space 64000K, 5% used [0x00000000c0000000,0x00000000c0338710,0x00000000c3e80000)
 Metaspace       used 11793K, capacity 12072K, committed 12288K, reserved 1060864K
  class space    used 1650K, capacity 1740K, committed 1792K, reserved 1048576K
Event: 22.747 GC heap after
Heap after GC invocations=17 (full 0):
 PSYoungGen      total 8192K, used 1531K [0x00000000eab00000, 0x00000000eb580000, 0x0000000100000000)
  eden space 6656K, 0% used [0x00000000eab00000,0x00000000eab00000,0x00000000eb180000)
  from space 1536K, 99% used [0x00000000eb180000,0x00000000eb2fee08,0x00000000eb300000)
  to   space 2048K, 0% used [0x00000000eb380000,0x00000000eb380000,0x00000000eb580000)
 ParOldGen       total 64000K, used 3516K [0x00000000c0000000, 0x00000000c3e80000, 0x00000000eab00000)
  object space 64000K, 5% used [0x00000000c0000000,0x00000000c036f128,0x00000000c3e80000)
 Metaspace       used 11793K, capacity 12072K, committed 12288K, reserved 1060864K
  class space    used 1650K, capacity 1740K, committed 1792K, reserved 1048576K
}
Event: 29.145 GC heap before
{Heap before GC invocations=18 (full 0):
 PSYoungGen      total 8192K, used 8187K [0x00000000eab00000, 0x00000000eb580000, 0x0000000100000000)
  eden space 6656K, 100% used [0x00000000eab00000,0x00000000eb180000,0x00000000eb180000)
  from space 1536K, 99% used [0x00000000eb180000,0x00000000eb2fee08,0x00000000eb300000)
  to   space 2048K, 0% used [0x00000000eb380000,0x00000000eb380000,0x00000000eb580000)
 ParOldGen       total 64000K, used 3516K [0x00000000c0000000, 0x00000000c3e80000, 0x00000000eab00000)
  object space 64000K, 5% used [0x00000000c0000000,0x00000000c036f128,0x00000000c3e80000)
 Metaspace       used 14473K, capacity 14760K, committed 14976K, reserved 1062912K
  class space    used 1950K, capacity 2060K, committed 2176K, reserved 1048576K
Event: 29.168 GC heap after
Heap after GC invocations=18 (full 0):
 PSYoungGen      total 8704K, used 1613K [0x00000000eab00000, 0x00000000eb580000, 0x0000000100000000)
  eden space 6656K, 0% used [0x00000000eab00000,0x00000000eab00000,0x00000000eb180000)
  from space 2048K, 78% used [0x00000000eb380000,0x00000000eb513620,0x00000000eb580000)
  to   space 2048K, 0% used [0x00000000eb180000,0x00000000eb180000,0x00000000eb380000)
 ParOldGen       total 64000K, used 4300K [0x00000000c0000000, 0x00000000c3e80000, 0x00000000eab00000)
  object space 64000K, 6% used [0x00000000c0000000,0x00000000c0433168,0x00000000c3e80000)
 Metaspace       used 14473K, capacity 14760K, committed 14976K, reserved 1062912K
  class space    used 1950K, capacity 2060K, committed 2176K, reserved 1048576K
}
Event: 30.768 GC heap before
{Heap before GC invocations=19 (full 0):
 PSYoungGen      total 8704K, used 8269K [0x00000000eab00000, 0x00000000eb580000, 0x0000000100000000)
  eden space 6656K, 100% used [0x00000000eab00000,0x00000000eb180000,0x00000000eb180000)
  from space 2048K, 78% used [0x00000000eb380000,0x00000000eb513620,0x00000000eb580000)
  to   space 2048K, 0% used [0x00000000eb180000,0x00000000eb180000,0x00000000eb380000)
 ParOldGen       total 64000K, used 4300K [0x00000000c0000000, 0x00000000c3e80000, 0x00000000eab00000)
  object space 64000K, 6% used [0x00000000c0000000,0x00000000c0433168,0x00000000c3e80000)
 Metaspace       used 15220K, capacity 15496K, committed 15744K, reserved 1062912K
  class space    used 2075K, capacity 2156K, committed 2176K, reserved 1048576K
Event: 30.776 GC heap after
Heap after GC invocations=19 (full 0):
 PSYoungGen      total 8704K, used 1112K [0x00000000eab00000, 0x00000000eb580000, 0x0000000100000000)
  eden space 6656K, 0% used [0x00000000eab00000,0x00000000eab00000,0x00000000eb180000)
  from space 2048K, 54% used [0x00000000eb180000,0x00000000eb2963e0,0x00000000eb380000)
  to   space 2048K, 0% used [0x00000000eb380000,0x00000000eb380000,0x00000000eb580000)
 ParOldGen       total 64000K, used 5190K [0x00000000c0000000, 0x00000000c3e80000, 0x00000000eab00000)
  object space 64000K, 8% used [0x00000000c0000000,0x00000000c0511978,0x00000000c3e80000)
 Metaspace       used 15220K, capacity 15496K, committed 15744K, reserved 1062912K
  class space    used 2075K, capacity 2156K, committed 2176K, reserved 1048576K
}

Deoptimization events (10 events):
Event: 12.551 Thread 0x0000000016ce1800 Uncommon trap: reason=bimorphic action=maybe_recompile pc=0x0000000002db6230 method=java.util.HashMap.putVal(ILjava/lang/Object;Ljava/lang/Object;ZZ)Ljava/lang/Object; @ 91
Event: 12.552 Thread 0x0000000016ce1800 Uncommon trap: reason=bimorphic action=maybe_recompile pc=0x0000000002db6230 method=java.util.HashMap.putVal(ILjava/lang/Object;Ljava/lang/Object;ZZ)Ljava/lang/Object; @ 91
Event: 12.552 Thread 0x0000000016ce1800 Uncommon trap: reason=bimorphic action=maybe_recompile pc=0x0000000002db61d8 method=java.util.HashMap.putVal(ILjava/lang/Object;Ljava/lang/Object;ZZ)Ljava/lang/Object; @ 253
Event: 12.552 Thread 0x0000000016ce1800 Uncommon trap: reason=bimorphic action=maybe_recompile pc=0x0000000002db61d8 method=java.util.HashMap.putVal(ILjava/lang/Object;Ljava/lang/Object;ZZ)Ljava/lang/Object; @ 253
Event: 16.553 Thread 0x0000000016ce1800 Uncommon trap: reason=bimorphic action=maybe_recompile pc=0x0000000002f1b064 method=java.util.HashMap.putVal(ILjava/lang/Object;Ljava/lang/Object;ZZ)Ljava/lang/Object; @ 203
Event: 16.553 Thread 0x0000000016ce1800 Uncommon trap: reason=bimorphic action=maybe_recompile pc=0x0000000002f1b064 method=java.util.HashMap.putVal(ILjava/lang/Object;Ljava/lang/Object;ZZ)Ljava/lang/Object; @ 203
Event: 29.356 Thread 0x0000000016ce1800 Uncommon trap: reason=class_check action=maybe_recompile pc=0x0000000002fbace8 method=org.gradle.internal.service.DefaultServiceRegistry$ClassSpec.isSatisfiedBy(Ljava/lang/Object;)Z @ 2
Event: 29.359 Thread 0x0000000016ce1800 Uncommon trap: reason=class_check action=maybe_recompile pc=0x0000000002fbace8 method=org.gradle.internal.service.DefaultServiceRegistry$ClassSpec.isSatisfiedBy(Ljava/lang/Object;)Z @ 2
Event: 29.359 Thread 0x0000000016ce1800 Uncommon trap: reason=class_check action=maybe_recompile pc=0x0000000002fbace8 method=org.gradle.internal.service.DefaultServiceRegistry$ClassSpec.isSatisfiedBy(Ljava/lang/Object;)Z @ 2
Event: 29.359 Thread 0x0000000016ce1800 Uncommon trap: reason=class_check action=maybe_recompile pc=0x0000000002fbace8 method=org.gradle.internal.service.DefaultServiceRegistry$ClassSpec.isSatisfiedBy(Ljava/lang/Object;)Z @ 2

Internal exceptions (10 events):
Event: 31.344 Thread 0x0000000016ce1800 Exception <a 'java/security/PrivilegedActionException'> (0x00000000eabe6f18) thrown at [D:\re\workspace\8-2-build-windows-amd64-cygwin\jdk8u5\2488\hotspot\src\share\vm\prims\jvm.cpp, line 1248]
Event: 31.346 Thread 0x0000000016ce1800 Exception <a 'java/security/PrivilegedActionException'> (0x00000000eabed7c8) thrown at [D:\re\workspace\8-2-build-windows-amd64-cygwin\jdk8u5\2488\hotspot\src\share\vm\prims\jvm.cpp, line 1248]
Event: 31.346 Thread 0x0000000016ce1800 Exception <a 'java/security/PrivilegedActionException'> (0x00000000eabee520) thrown at [D:\re\workspace\8-2-build-windows-amd64-cygwin\jdk8u5\2488\hotspot\src\share\vm\prims\jvm.cpp, line 1248]
Event: 31.346 Thread 0x0000000016ce1800 Exception <a 'java/security/PrivilegedActionException'> (0x00000000eabf2cb8) thrown at [D:\re\workspace\8-2-build-windows-amd64-cygwin\jdk8u5\2488\hotspot\src\share\vm\prims\jvm.cpp, line 1248]
Event: 31.347 Thread 0x0000000016ce1800 Exception <a 'java/security/PrivilegedActionException'> (0x00000000eabf8630) thrown at [D:\re\workspace\8-2-build-windows-amd64-cygwin\jdk8u5\2488\hotspot\src\share\vm\prims\jvm.cpp, line 1248]
Event: 31.347 Thread 0x0000000016ce1800 Exception <a 'java/security/PrivilegedActionException'> (0x00000000eabf93f0) thrown at [D:\re\workspace\8-2-build-windows-amd64-cygwin\jdk8u5\2488\hotspot\src\share\vm\prims\jvm.cpp, line 1248]
Event: 31.347 Thread 0x0000000016ce1800 Exception <a 'java/security/PrivilegedActionException'> (0x00000000eabfe2f8) thrown at [D:\re\workspace\8-2-build-windows-amd64-cygwin\jdk8u5\2488\hotspot\src\share\vm\prims\jvm.cpp, line 1248]
Event: 31.347 Thread 0x0000000016ce1800 Exception <a 'java/security/PrivilegedActionException'> (0x00000000eac04e58) thrown at [D:\re\workspace\8-2-build-windows-amd64-cygwin\jdk8u5\2488\hotspot\src\share\vm\prims\jvm.cpp, line 1248]
Event: 31.347 Thread 0x0000000016ce1800 Exception <a 'java/security/PrivilegedActionException'> (0x00000000eac05b98) thrown at [D:\re\workspace\8-2-build-windows-amd64-cygwin\jdk8u5\2488\hotspot\src\share\vm\prims\jvm.cpp, line 1248]
Event: 31.347 Thread 0x0000000016ce1800 Exception <a 'java/security/PrivilegedActionException'> (0x00000000eac0a1b0) thrown at [D:\re\workspace\8-2-build-windows-amd64-cygwin\jdk8u5\2488\hotspot\src\share\vm\prims\jvm.cpp, line 1248]

Events (10 events):
Event: 31.342 loading class org/apache/http/conn/ClientConnectionManager done
Event: 31.344 loading class org/apache/http/client/AuthenticationHandler
Event: 31.344 loading class org/apache/http/client/AuthenticationHandler done
Event: 31.346 loading class org/apache/http/client/UserTokenHandler
Event: 31.346 loading class org/apache/http/client/UserTokenHandler done
Event: 31.346 loading class org/apache/http/client/AuthenticationStrategy
Event: 31.347 loading class org/apache/http/client/AuthenticationStrategy done
Event: 31.347 loading class org/apache/http/client/RedirectHandler
Event: 31.347 loading class org/apache/http/client/RedirectHandler done
Event: 31.348 loading class org/apache/http/protocol/HttpProcessor


Dynamic libraries:
0x00007ff7c8300000 - 0x00007ff7c8334000 	C:\Program Files\Java\jdk1.8.0_05\bin\java.exe
0x00007ffcece40000 - 0x00007ffcecfec000 	C:\WINDOWS\SYSTEM32\ntdll.dll
0x00007ffcec890000 - 0x00007ffcec9ce000 	C:\WINDOWS\system32\KERNEL32.DLL
0x00007ffcea1c0000 - 0x00007ffcea2d5000 	C:\WINDOWS\system32\KERNELBASE.dll
0x00007ffce8b30000 - 0x00007ffce8bbe000 	C:\WINDOWS\system32\apphelp.dll
0x00007ffcdd5d0000 - 0x00007ffcdd623000 	C:\WINDOWS\AppPatch\AppPatch64\AcGenral.DLL
0x00007ffcec1a0000 - 0x00007ffcec24a000 	C:\WINDOWS\system32\msvcrt.dll
0x00007ffce9d60000 - 0x00007ffce9d8e000 	C:\WINDOWS\SYSTEM32\SspiCli.dll
0x00007ffcec9d0000 - 0x00007ffceca24000 	C:\WINDOWS\system32\SHLWAPI.dll
0x00007ffcea610000 - 0x00007ffcea787000 	C:\WINDOWS\system32\USER32.dll
0x00007ffceca90000 - 0x00007ffcecc24000 	C:\WINDOWS\system32\ole32.dll
0x00007ffcea8c0000 - 0x00007ffcebdeb000 	C:\WINDOWS\system32\SHELL32.dll
0x00007ffce9530000 - 0x00007ffce9551000 	C:\WINDOWS\SYSTEM32\USERENV.dll
0x00007ffcec300000 - 0x00007ffcec3aa000 	C:\WINDOWS\system32\ADVAPI32.dll
0x00007ffce22e0000 - 0x00007ffce22fe000 	C:\WINDOWS\SYSTEM32\MPR.dll
0x00007ffcea4c0000 - 0x00007ffcea601000 	C:\WINDOWS\system32\RPCRT4.dll
0x00007ffcea790000 - 0x00007ffcea7e9000 	C:\WINDOWS\SYSTEM32\sechost.dll
0x00007ffcebdf0000 - 0x00007ffcec001000 	C:\WINDOWS\SYSTEM32\combase.dll
0x00007ffcec3b0000 - 0x00007ffcec4ff000 	C:\WINDOWS\system32\GDI32.dll
0x00007ffce9f90000 - 0x00007ffce9fa5000 	C:\WINDOWS\SYSTEM32\profapi.dll
0x00007ffce8500000 - 0x00007ffce85b2000 	C:\WINDOWS\SYSTEM32\SHCORE.dll
0x00007ffcec250000 - 0x00007ffcec286000 	C:\WINDOWS\system32\IMM32.DLL
0x00007ffcec500000 - 0x00007ffcec652000 	C:\WINDOWS\system32\MSCTF.dll
0x00007ffce7c80000 - 0x00007ffce7efb000 	C:\WINDOWS\WinSxS\amd64_microsoft.windows.common-controls_6595b64144ccf1df_6.0.9600.18006_none_623f33d3ecbe86e8\COMCTL32.dll
0x00000000651f0000 - 0x00000000652c2000 	C:\Program Files\Java\jdk1.8.0_05\jre\bin\msvcr100.dll
0x0000000065670000 - 0x0000000065e9a000 	C:\Program Files\Java\jdk1.8.0_05\jre\bin\server\jvm.dll
0x00007ffce8620000 - 0x00007ffce8629000 	C:\WINDOWS\SYSTEM32\WSOCK32.dll
0x00007ffce2cb0000 - 0x00007ffce2cd2000 	C:\WINDOWS\SYSTEM32\WINMM.dll
0x00007ffcec660000 - 0x00007ffcec667000 	C:\WINDOWS\system32\PSAPI.DLL
0x00007ffcec670000 - 0x00007ffcec6ca000 	C:\WINDOWS\system32\WS2_32.dll
0x00007ffce2c20000 - 0x00007ffce2c4a000 	C:\WINDOWS\SYSTEM32\WINMMBASE.dll
0x00007ffcea7f0000 - 0x00007ffcea7f9000 	C:\WINDOWS\system32\NSI.dll
0x00007ffcea170000 - 0x00007ffcea1bf000 	C:\WINDOWS\SYSTEM32\cfgmgr32.dll
0x00007ffce8db0000 - 0x00007ffce8dd8000 	C:\WINDOWS\SYSTEM32\DEVOBJ.dll
0x0000000065660000 - 0x000000006566f000 	C:\Program Files\Java\jdk1.8.0_05\jre\bin\verify.dll
0x0000000065630000 - 0x0000000065658000 	C:\Program Files\Java\jdk1.8.0_05\jre\bin\java.dll
0x0000000180000000 - 0x0000000180039000 	C:\WINDOWS\SYSTEM32\jvmhook.dll
0x00007ffcec0d0000 - 0x00007ffcec191000 	C:\WINDOWS\system32\OLEAUT32.dll
0x0000000065ea0000 - 0x0000000065f73000 	C:\WINDOWS\WinSxS\amd64_microsoft.vc90.crt_1fc8b3b9a1e18e3b_9.0.30729.8387_none_08e793bfa83a89b5\MSVCP90.dll
0x0000000065fc0000 - 0x0000000066063000 	C:\WINDOWS\WinSxS\amd64_microsoft.vc90.crt_1fc8b3b9a1e18e3b_9.0.30729.8387_none_08e793bfa83a89b5\MSVCR90.dll
0x0000000065610000 - 0x0000000065626000 	C:\Program Files\Java\jdk1.8.0_05\jre\bin\zip.dll
0x00000000655f0000 - 0x000000006560a000 	C:\Program Files\Java\jdk1.8.0_05\jre\bin\net.dll
0x00007ffce97a0000 - 0x00007ffce97f9000 	C:\WINDOWS\system32\mswsock.dll
0x00000000655d0000 - 0x00000000655e1000 	C:\Program Files\Java\jdk1.8.0_05\jre\bin\nio.dll
0x00007ffcdf1c0000 - 0x00007ffcdf1d2000 	C:\Users\Cumpanasu\.gradle\native\19\windows-amd64\native-platform.dll
0x00007ffce4ae0000 - 0x00007ffce4b0a000 	C:\WINDOWS\SYSTEM32\IPHLPAPI.DLL
0x00007ffce4a50000 - 0x00007ffce4a5a000 	C:\WINDOWS\SYSTEM32\WINNSI.DLL
0x00007ffce3a10000 - 0x00007ffce3a26000 	C:\WINDOWS\SYSTEM32\dhcpcsvc6.DLL
0x00007ffce4720000 - 0x00007ffce473a000 	C:\WINDOWS\SYSTEM32\dhcpcsvc.DLL
0x00007ffce9800000 - 0x00007ffce9820000 	C:\WINDOWS\SYSTEM32\CRYPTSP.dll
0x00007ffce9420000 - 0x00007ffce9456000 	C:\WINDOWS\system32\rsaenh.dll
0x00007ffce9a50000 - 0x00007ffce9a76000 	C:\WINDOWS\SYSTEM32\bcrypt.dll
0x00007ffce9d90000 - 0x00007ffce9df3000 	C:\WINDOWS\system32\bcryptprimitives.dll
0x00007ffce9f00000 - 0x00007ffce9f0b000 	C:\WINDOWS\SYSTEM32\CRYPTBASE.dll
0x00007ffce1870000 - 0x00007ffce19f9000 	C:\WINDOWS\SYSTEM32\dbghelp.dll

VM Arguments:
jvm_args: -agentlib:jvmhook -XX:MaxPermSize=256m -XX:+HeapDumpOnOutOfMemoryError -Xmx1024m -Dfile.encoding=windows-1252 -Duser.country=US -Duser.language=en -Duser.variant -Xrunjvmhook -Xbootclasspath/a:c:\Program Files (x86)\HP\Unified Functional Testing\bin\java_shared\classes;c:\Program Files (x86)\HP\Unified Functional Testing\bin\java_shared\classes\jasmine.jar 
java_command: org.gradle.launcher.daemon.bootstrap.GradleDaemon 2.8
java_class_path (initial): C:\Program Files\Android\Android Studio1\gradle\gradle-2.8\lib\gradle-launcher-2.8.jar
Launcher Type: SUN_STANDARD

Environment Variables:
JAVA_HOME=C:\Program Files\Java\jdk1.8.0_05\jre
JAVA_TOOL_OPTIONS=-agentlib:jvmhook
_JAVA_OPTIONS=-Xrunjvmhook -Xbootclasspath/a:"c:\Program Files (x86)\HP\Unified Functional Testing\bin\java_shared\classes";"c:\Program Files (x86)\HP\Unified Functional Testing\bin\java_shared\classes\jasmine.jar"
PATH=C:\Program Files\ImageMagick-6.9.1-Q16;C:\PYTHON34\;C:\PYTHON34\SCRIPTS;C:\PROGRAM FILES (X86)\INTEL\ICLS CLIENT\;C:\PROGRAM FILES\INTEL\ICLS CLIENT\;C:\PROGRAM FILES\BROADCOM\BROADCOM 802.11 NETWORK ADAPTER;C:\WINDOWS\SYSTEM32;C:\WINDOWS;C:\WINDOWS\SYSTEM32\WBEM;C:\WINDOWS\SYSTEM32\WINDOWSPOWERSHELL\V1.0\;C:\PROGRAM FILES\INTEL\INTEL(R) MANAGEMENT ENGINE COMPONENTS\DAL;C:\PROGRAM FILES\INTEL\INTEL(R) MANAGEMENT ENGINE COMPONENTS\IPT;C:\PROGRAM FILES (X86)\INTEL\INTEL(R) MANAGEMENT ENGINE COMPONENTS\DAL;C:\PROGRAM FILES (X86)\INTEL\INTEL(R) MANAGEMENT ENGINE COMPONENTS\IPT;;C:\PROGRAM FILES (X86)\INTEL\OPENCL SDK\2.0\BIN\X86;C:\PROGRAM FILES (X86)\INTEL\OPENCL SDK\2.0\BIN\X64;C:\PROGRAM FILES\SONY\VAIO IMPROVEMENT;C:\PROGRAM FILES (X86)\SONY\VAIO BIOS DATA TRANSFER UTILITY\;C:\PROGRAM FILES (X86)\SONY\VAIO STARTUP SETTING TOOL;C:\PROGRAM FILES (X86)\WINDOWS KITS\8.1\WINDOWS PERFORMANCE TOOLKIT\;C:\PROGRAM FILES\MICROSOFT SQL SERVER\110\TOOLS\BINN\;C:\PROGRAM FILES (X86)\MICROSOFT SQL SERVER\120\DTS\BINN\;C:\PROGRAM FILES (X86)\MICROSOFT SQL SERVER\CLIENT SDK\ODBC\110\TOOLS\BINN\;C:\PROGRAM FILES (X86)\MICROSOFT SQL SERVER\120\TOOLS\BINN\;C:\PROGRAM FILES (X86)\MICROSOFT SQL SERVER\120\TOOLS\BINN\MANAGEMENTSTUDIO\;C:\PROGRAM FILES (X86)\HP\UNIFIED FUNCTIONAL TESTING\BIN;C:\PROGRAM FILES\MICROSOFT NETWORK MONITOR 3\;C:\Program Files (x86)\QuickTime\QTSystem\;C:\Program Files (x86)\Skype\Phone\;C:\Program Files (x86)\Common Files\lenovo\easyplussdk\bin;C:\Emgu\emgucv-windows-universal-cuda 2.9.0.1922\bin\x86;c:\Program Files (x86)\HP\Unified Functional Testing\\bin64
USERNAME=Cumpanasu
OS=Windows_NT
PROCESSOR_IDENTIFIER=Intel64 Family 6 Model 58 Stepping 9, GenuineIntel



---------------  S Y S T E M  ---------------

OS: Windows 8.1 , 64 bit Build 9600 

CPU:total 2 (2 cores per cpu, 1 threads per core) family 6 model 58 stepping 9, cmov, cx8, fxsr, mmx, sse, sse2, sse3, ssse3, sse4.1, sse4.2, popcnt, clmul, erms, tsc, tscinvbit

Memory: 4k page, physical 4070196k(376004k free), swap 4070196k(4452k free)

vm_info: Java HotSpot(TM) 64-Bit Server VM (25.5-b02) for windows-amd64 JRE (1.8.0_05-b13), built on Mar 18 2014 01:08:39 by "java_re" with MS VC++ 10.0 (VS2010)

time: Tue Nov 24 09:05:49 2015
elapsed time: 32 seconds

