#
# There is insufficient memory for the Java Runtime Environment to continue.
# Native memory allocation (malloc) failed to allocate 32784 bytes for Chunk::new
# Possible reasons:
#   The system is out of physical RAM or swap space
#   In 32 bit mode, the process size limit was hit
# Possible solutions:
#   Reduce memory load on the system
#   Increase physical memory or swap space
#   Check if swap backing store is full
#   Use 64 bit Java on a 64 bit OS
#   Decrease Java heap size (-Xmx/-Xms)
#   Decrease number of Java threads
#   Decrease Java thread stack sizes (-Xss)
#   Set larger code cache with -XX:ReservedCodeCacheSize=
# This output file may be truncated or incomplete.
#
#  Out of Memory Error (allocation.cpp:388), pid=3888, tid=6456
#
# JRE version: Java(TM) SE Runtime Environment (8.0_05-b13) (build 1.8.0_05-b13)
# Java VM: Java HotSpot(TM) 64-Bit Server VM (25.5-b02 mixed mode windows-amd64 compressed oops)
# Failed to write core dump. Minidumps are not enabled by default on client versions of Windows
#

---------------  T H R E A D  ---------------

Current thread (0x0000000014b7e000):  JavaThread "C2 CompilerThread0" daemon [_thread_in_native, id=6456, stack(0x0000000015bc0000,0x0000000015cc0000)]

Stack: [0x0000000015bc0000,0x0000000015cc0000]
Native frames: (J=compiled Java code, j=interpreted, Vv=VM code, C=native code)
V  [jvm.dll+0x308dea]


Current CompileTask:
C2:   2611  180 %     4       sun.nio.cs.UTF_8$Decoder::decode @ 20 (759 bytes)


---------------  P R O C E S S  ---------------

Java Threads: ( => current thread )
  0x0000000014bcf000 JavaThread "Service Thread" daemon [_thread_blocked, id=5740, stack(0x0000000015dc0000,0x0000000015ec0000)]
  0x0000000014bcc800 JavaThread "C1 CompilerThread1" daemon [_thread_blocked, id=3056, stack(0x0000000015cc0000,0x0000000015dc0000)]
=>0x0000000014b7e000 JavaThread "C2 CompilerThread0" daemon [_thread_in_native, id=6456, stack(0x0000000015bc0000,0x0000000015cc0000)]
  0x0000000014b7c000 JavaThread "Attach Listener" daemon [_thread_blocked, id=2508, stack(0x0000000015ac0000,0x0000000015bc0000)]
  0x0000000014b79000 JavaThread "Signal Dispatcher" daemon [_thread_blocked, id=5484, stack(0x00000000159c0000,0x0000000015ac0000)]
  0x00000000026e4800 JavaThread "Finalizer" daemon [_thread_blocked, id=4244, stack(0x00000000158c0000,0x00000000159c0000)]
  0x00000000026da800 JavaThread "Reference Handler" daemon [_thread_blocked, id=6236, stack(0x00000000157c0000,0x00000000158c0000)]
  0x00000000025f3800 JavaThread "main" [_thread_in_vm, id=3608, stack(0x0000000002330000,0x0000000002430000)]

Other Threads:
  0x00000000026d6000 VMThread [stack: 0x00000000155c0000,0x00000000156c0000] [id=6496]
  0x0000000014bd0800 WatcherThread [stack: 0x0000000015ec0000,0x0000000015fc0000] [id=6256]

VM state:not at safepoint (normal execution)

VM Mutex/Monitor currently owned by a thread: None

Heap:
 PSYoungGen      total 1536K, used 512K [0x00000000eab00000, 0x00000000ead00000, 0x0000000100000000)
  eden space 1024K, 1% used [0x00000000eab00000,0x00000000eab04190,0x00000000eac00000)
  from space 512K, 96% used [0x00000000eac80000,0x00000000eacfc010,0x00000000ead00000)
  to   space 512K, 0% used [0x00000000eac00000,0x00000000eac00000,0x00000000eac80000)
 ParOldGen       total 64000K, used 492K [0x00000000c0000000, 0x00000000c3e80000, 0x00000000eab00000)
  object space 64000K, 0% used [0x00000000c0000000,0x00000000c007b160,0x00000000c3e80000)
 Metaspace       used 3347K, capacity 4720K, committed 4864K, reserved 1056768K
  class space    used 366K, capacity 424K, committed 512K, reserved 1048576K

Card table byte_map: [0x0000000011ab0000,0x0000000011cc0000] byte_map_base: 0x00000000114b0000

Marking Bits: (ParMarkBitMap*) 0x0000000065e213b0
 Begin Bits: [0x0000000012020000, 0x0000000013020000)
 End Bits:   [0x0000000013020000, 0x0000000014020000)

Polling page: 0x0000000000b40000

CodeCache: size=245760Kb used=1483Kb max_used=1483Kb free=244276Kb
 bounds [0x00000000026f0000, 0x0000000002960000, 0x00000000116f0000]
 total_blobs=421 nmethods=178 adapters=158
 compilation: enabled

Compilation events (10 events):
Event: 2.545 Thread 0x0000000014bcc800 nmethod 179 0x000000000285aed0 code [0x000000000285b020, 0x000000000285b130]
Event: 2.545 Thread 0x0000000014bcc800  173       3       sun.util.calendar.BaseCalendar::getFixedDate (324 bytes)
Event: 2.547 Thread 0x0000000014bcc800 nmethod 173 0x000000000285b190 code [0x000000000285b480, 0x000000000285d1f0]
Event: 2.547 Thread 0x0000000014bcc800  174       3       sun.util.calendar.AbstractCalendar::getTimeOfDayValue (50 bytes)
Event: 2.548 Thread 0x0000000014bcc800 nmethod 174 0x000000000285e6d0 code [0x000000000285e840, 0x000000000285ea70]
Event: 2.548 Thread 0x0000000014bcc800  175       3       sun.util.calendar.AbstractCalendar::getCalendarDate (217 bytes)
Event: 2.549 Thread 0x0000000014bcc800 nmethod 175 0x000000000285eb50 code [0x000000000285ed80, 0x000000000285fa78]
Event: 2.549 Thread 0x0000000014bcc800  170       3       java.util.zip.ZipCoder::toString (190 bytes)
Event: 2.581 Thread 0x0000000014bcc800 nmethod 170 0x0000000002860010 code [0x0000000002860380, 0x0000000002862078]
Event: 2.601 Thread 0x0000000014b7e000  180 %     4       sun.nio.cs.UTF_8$Decoder::decode @ 20 (759 bytes)

GC Heap History (8 events):
Event: 2.035 GC heap before
{Heap before GC invocations=1 (full 0):
 PSYoungGen      total 1024K, used 511K [0x00000000eab00000, 0x00000000eac80000, 0x0000000100000000)
  eden space 512K, 99% used [0x00000000eab00000,0x00000000eab7ffb8,0x00000000eab80000)
  from space 512K, 0% used [0x00000000eac00000,0x00000000eac00000,0x00000000eac80000)
  to   space 512K, 0% used [0x00000000eab80000,0x00000000eab80000,0x00000000eac00000)
 ParOldGen       total 64000K, used 0K [0x00000000c0000000, 0x00000000c3e80000, 0x00000000eab00000)
  object space 64000K, 0% used [0x00000000c0000000,0x00000000c0000000,0x00000000c3e80000)
 Metaspace       used 2519K, capacity 4480K, committed 4480K, reserved 1056768K
  class space    used 273K, capacity 384K, committed 384K, reserved 1048576K
Event: 2.037 GC heap after
Heap after GC invocations=1 (full 0):
 PSYoungGen      total 1024K, used 432K [0x00000000eab00000, 0x00000000eac80000, 0x0000000100000000)
  eden space 512K, 0% used [0x00000000eab00000,0x00000000eab00000,0x00000000eab80000)
  from space 512K, 84% used [0x00000000eab80000,0x00000000eabec010,0x00000000eac00000)
  to   space 512K, 0% used [0x00000000eac00000,0x00000000eac00000,0x00000000eac80000)
 ParOldGen       total 64000K, used 8K [0x00000000c0000000, 0x00000000c3e80000, 0x00000000eab00000)
  object space 64000K, 0% used [0x00000000c0000000,0x00000000c0002000,0x00000000c3e80000)
 Metaspace       used 2519K, capacity 4480K, committed 4480K, reserved 1056768K
  class space    used 273K, capacity 384K, committed 384K, reserved 1048576K
}
Event: 2.140 GC heap before
{Heap before GC invocations=2 (full 0):
 PSYoungGen      total 1024K, used 944K [0x00000000eab00000, 0x00000000eac80000, 0x0000000100000000)
  eden space 512K, 100% used [0x00000000eab00000,0x00000000eab80000,0x00000000eab80000)
  from space 512K, 84% used [0x00000000eab80000,0x00000000eabec010,0x00000000eac00000)
  to   space 512K, 0% used [0x00000000eac00000,0x00000000eac00000,0x00000000eac80000)
 ParOldGen       total 64000K, used 8K [0x00000000c0000000, 0x00000000c3e80000, 0x00000000eab00000)
  object space 64000K, 0% used [0x00000000c0000000,0x00000000c0002000,0x00000000c3e80000)
 Metaspace       used 2919K, capacity 4656K, committed 4864K, reserved 1056768K
  class space    used 318K, capacity 424K, committed 512K, reserved 1048576K
Event: 2.171 GC heap after
Heap after GC invocations=2 (full 0):
 PSYoungGen      total 1024K, used 480K [0x00000000eab00000, 0x00000000ead00000, 0x0000000100000000)
  eden space 512K, 0% used [0x00000000eab00000,0x00000000eab00000,0x00000000eab80000)
  from space 512K, 93% used [0x00000000eac00000,0x00000000eac78020,0x00000000eac80000)
  to   space 512K, 0% used [0x00000000eab80000,0x00000000eab80000,0x00000000eac00000)
 ParOldGen       total 64000K, used 106K [0x00000000c0000000, 0x00000000c3e80000, 0x00000000eab00000)
  object space 64000K, 0% used [0x00000000c0000000,0x00000000c001aa10,0x00000000c3e80000)
 Metaspace       used 2919K, capacity 4656K, committed 4864K, reserved 1056768K
  class space    used 318K, capacity 424K, committed 512K, reserved 1048576K
}
Event: 2.321 GC heap before
{Heap before GC invocations=3 (full 0):
 PSYoungGen      total 1024K, used 991K [0x00000000eab00000, 0x00000000ead00000, 0x0000000100000000)
  eden space 512K, 99% used [0x00000000eab00000,0x00000000eab7ff28,0x00000000eab80000)
  from space 512K, 93% used [0x00000000eac00000,0x00000000eac78020,0x00000000eac80000)
  to   space 512K, 0% used [0x00000000eab80000,0x00000000eab80000,0x00000000eac00000)
 ParOldGen       total 64000K, used 106K [0x00000000c0000000, 0x00000000c3e80000, 0x00000000eab00000)
  object space 64000K, 0% used [0x00000000c0000000,0x00000000c001aa10,0x00000000c3e80000)
 Metaspace       used 3279K, capacity 4720K, committed 4864K, reserved 1056768K
  class space    used 364K, capacity 424K, committed 512K, reserved 1048576K
Event: 2.322 GC heap after
Heap after GC invocations=3 (full 0):
 PSYoungGen      total 1024K, used 480K [0x00000000eab00000, 0x00000000ead00000, 0x0000000100000000)
  eden space 512K, 0% used [0x00000000eab00000,0x00000000eab00000,0x00000000eab80000)
  from space 512K, 93% used [0x00000000eab80000,0x00000000eabf8020,0x00000000eac00000)
  to   space 512K, 0% used [0x00000000eac80000,0x00000000eac80000,0x00000000ead00000)
 ParOldGen       total 64000K, used 295K [0x00000000c0000000, 0x00000000c3e80000, 0x00000000eab00000)
  object space 64000K, 0% used [0x00000000c0000000,0x00000000c0049c28,0x00000000c3e80000)
 Metaspace       used 3279K, capacity 4720K, committed 4864K, reserved 1056768K
  class space    used 364K, capacity 424K, committed 512K, reserved 1048576K
}
Event: 2.512 GC heap before
{Heap before GC invocations=4 (full 0):
 PSYoungGen      total 1024K, used 992K [0x00000000eab00000, 0x00000000ead00000, 0x0000000100000000)
  eden space 512K, 100% used [0x00000000eab00000,0x00000000eab80000,0x00000000eab80000)
  from space 512K, 93% used [0x00000000eab80000,0x00000000eabf8020,0x00000000eac00000)
  to   space 512K, 0% used [0x00000000eac80000,0x00000000eac80000,0x00000000ead00000)
 ParOldGen       total 64000K, used 295K [0x00000000c0000000, 0x00000000c3e80000, 0x00000000eab00000)
  object space 64000K, 0% used [0x00000000c0000000,0x00000000c0049c28,0x00000000c3e80000)
 Metaspace       used 3342K, capacity 4720K, committed 4864K, reserved 1056768K
  class space    used 366K, capacity 424K, committed 512K, reserved 1048576K
Event: 2.544 GC heap after
Heap after GC invocations=4 (full 0):
 PSYoungGen      total 1536K, used 496K [0x00000000eab00000, 0x00000000ead00000, 0x0000000100000000)
  eden space 1024K, 0% used [0x00000000eab00000,0x00000000eab00000,0x00000000eac00000)
  from space 512K, 96% used [0x00000000eac80000,0x00000000eacfc010,0x00000000ead00000)
  to   space 512K, 0% used [0x00000000eac00000,0x00000000eac00000,0x00000000eac80000)
 ParOldGen       total 64000K, used 492K [0x00000000c0000000, 0x00000000c3e80000, 0x00000000eab00000)
  object space 64000K, 0% used [0x00000000c0000000,0x00000000c007b160,0x00000000c3e80000)
 Metaspace       used 3342K, capacity 4720K, committed 4864K, reserved 1056768K
  class space    used 366K, capacity 424K, committed 512K, reserved 1048576K
}

Deoptimization events (0 events):
No events

Internal exceptions (10 events):
Event: 2.216 Thread 0x00000000025f3800 Exception <a 'java/security/PrivilegedActionException'> (0x00000000eab5aea0) thrown at [D:\re\workspace\8-2-build-windows-amd64-cygwin\jdk8u5\2488\hotspot\src\share\vm\prims\jvm.cpp, line 1248]
Event: 2.218 Thread 0x00000000025f3800 Exception <a 'java/security/PrivilegedActionException'> (0x00000000eab60150) thrown at [D:\re\workspace\8-2-build-windows-amd64-cygwin\jdk8u5\2488\hotspot\src\share\vm\prims\jvm.cpp, line 1248]
Event: 2.218 Thread 0x00000000025f3800 Exception <a 'java/security/PrivilegedActionException'> (0x00000000eab62410) thrown at [D:\re\workspace\8-2-build-windows-amd64-cygwin\jdk8u5\2488\hotspot\src\share\vm\prims\jvm.cpp, line 1248]
Event: 2.288 Thread 0x00000000025f3800 Exception <a 'java/security/PrivilegedActionException'> (0x00000000eab672c0) thrown at [D:\re\workspace\8-2-build-windows-amd64-cygwin\jdk8u5\2488\hotspot\src\share\vm\prims\jvm.cpp, line 1248]
Event: 2.289 Thread 0x00000000025f3800 Exception <a 'java/security/PrivilegedActionException'> (0x00000000eab6b9c0) thrown at [D:\re\workspace\8-2-build-windows-amd64-cygwin\jdk8u5\2488\hotspot\src\share\vm\prims\jvm.cpp, line 1248]
Event: 2.290 Thread 0x00000000025f3800 Exception <a 'java/security/PrivilegedActionException'> (0x00000000eab70710) thrown at [D:\re\workspace\8-2-build-windows-amd64-cygwin\jdk8u5\2488\hotspot\src\share\vm\prims\jvm.cpp, line 1248]
Event: 2.297 Thread 0x00000000025f3800 Exception <a 'java/security/PrivilegedActionException'> (0x00000000eab74fd8) thrown at [D:\re\workspace\8-2-build-windows-amd64-cygwin\jdk8u5\2488\hotspot\src\share\vm\prims\jvm.cpp, line 1248]
Event: 2.321 Thread 0x00000000025f3800 Exception <a 'java/security/PrivilegedActionException'> (0x00000000eab7e910) thrown at [D:\re\workspace\8-2-build-windows-amd64-cygwin\jdk8u5\2488\hotspot\src\share\vm\prims\jvm.cpp, line 1248]
Event: 2.325 Thread 0x00000000025f3800 Exception <a 'java/security/PrivilegedActionException'> (0x00000000eab03150) thrown at [D:\re\workspace\8-2-build-windows-amd64-cygwin\jdk8u5\2488\hotspot\src\share\vm\prims\jvm.cpp, line 1248]
Event: 2.325 Thread 0x00000000025f3800 Exception <a 'java/security/PrivilegedActionException'> (0x00000000eab06ae0) thrown at [D:\re\workspace\8-2-build-windows-amd64-cygwin\jdk8u5\2488\hotspot\src\share\vm\prims\jvm.cpp, line 1248]

Events (10 events):
Event: 2.321 Executing VM operation: ParallelGCFailedAllocation
Event: 2.323 Executing VM operation: ParallelGCFailedAllocation done
Event: 2.324 loading class com/android/dx/cf/direct/ClassPathOpener$1
Event: 2.325 loading class com/android/dx/cf/direct/ClassPathOpener$1 done
Event: 2.325 loading class com/android/dx/command/dexer/Main$FileBytesConsumer
Event: 2.325 loading class com/android/dx/command/dexer/Main$FileBytesConsumer done
Event: 2.327 loading class java/util/zip/ZipFile$ZipEntryIterator
Event: 2.327 loading class java/util/zip/ZipFile$ZipEntryIterator done
Event: 2.512 Executing VM operation: ParallelGCFailedAllocation
Event: 2.544 Executing VM operation: ParallelGCFailedAllocation done


Dynamic libraries:
0x00007ff63cc50000 - 0x00007ff63cc84000 	C:\Program Files\Java\jdk1.8.0_05\bin\java.exe
0x00007ffcece40000 - 0x00007ffcecfec000 	C:\WINDOWS\SYSTEM32\ntdll.dll
0x00007ffcec890000 - 0x00007ffcec9ce000 	C:\WINDOWS\system32\KERNEL32.DLL
0x00007ffcea1c0000 - 0x00007ffcea2d5000 	C:\WINDOWS\system32\KERNELBASE.dll
0x00007ffce8b30000 - 0x00007ffce8bbe000 	C:\WINDOWS\system32\apphelp.dll
0x00007ffcdbb20000 - 0x00007ffcdbb73000 	C:\WINDOWS\AppPatch\AppPatch64\AcGenral.DLL
0x00007ffcec1a0000 - 0x00007ffcec24a000 	C:\WINDOWS\system32\msvcrt.dll
0x00007ffce9d60000 - 0x00007ffce9d8e000 	C:\WINDOWS\SYSTEM32\SspiCli.dll
0x00007ffcec9d0000 - 0x00007ffceca24000 	C:\WINDOWS\system32\SHLWAPI.dll
0x00007ffcea610000 - 0x00007ffcea787000 	C:\WINDOWS\system32\USER32.dll
0x00007ffceca90000 - 0x00007ffcecc24000 	C:\WINDOWS\system32\ole32.dll
0x00007ffcea8c0000 - 0x00007ffcebdeb000 	C:\WINDOWS\system32\SHELL32.dll
0x00007ffce9530000 - 0x00007ffce9551000 	C:\WINDOWS\SYSTEM32\USERENV.dll
0x00007ffcec300000 - 0x00007ffcec3aa000 	C:\WINDOWS\system32\ADVAPI32.dll
0x00007ffce22e0000 - 0x00007ffce22fe000 	C:\WINDOWS\SYSTEM32\MPR.dll
0x00007ffcea4c0000 - 0x00007ffcea601000 	C:\WINDOWS\system32\RPCRT4.dll
0x00007ffcea790000 - 0x00007ffcea7e9000 	C:\WINDOWS\SYSTEM32\sechost.dll
0x00007ffcebdf0000 - 0x00007ffcec001000 	C:\WINDOWS\SYSTEM32\combase.dll
0x00007ffcec3b0000 - 0x00007ffcec4ff000 	C:\WINDOWS\system32\GDI32.dll
0x00007ffce9f90000 - 0x00007ffce9fa5000 	C:\WINDOWS\SYSTEM32\profapi.dll
0x00007ffce8500000 - 0x00007ffce85b2000 	C:\WINDOWS\SYSTEM32\SHCORE.dll
0x00007ffcec250000 - 0x00007ffcec286000 	C:\WINDOWS\system32\IMM32.DLL
0x00007ffcec500000 - 0x00007ffcec652000 	C:\WINDOWS\system32\MSCTF.dll
0x00007ffce7c80000 - 0x00007ffce7efb000 	C:\WINDOWS\WinSxS\amd64_microsoft.windows.common-controls_6595b64144ccf1df_6.0.9600.18006_none_623f33d3ecbe86e8\COMCTL32.dll
0x00000000651f0000 - 0x00000000652c2000 	C:\Program Files\Java\jdk1.8.0_05\jre\bin\msvcr100.dll
0x0000000065670000 - 0x0000000065e9a000 	C:\Program Files\Java\jdk1.8.0_05\jre\bin\server\jvm.dll
0x00007ffce86c0000 - 0x00007ffce86c9000 	C:\WINDOWS\SYSTEM32\WSOCK32.dll
0x00007ffce2cb0000 - 0x00007ffce2cd2000 	C:\WINDOWS\SYSTEM32\WINMM.dll
0x00007ffcec660000 - 0x00007ffcec667000 	C:\WINDOWS\system32\PSAPI.DLL
0x00007ffcec670000 - 0x00007ffcec6ca000 	C:\WINDOWS\system32\WS2_32.dll
0x00007ffce2c20000 - 0x00007ffce2c4a000 	C:\WINDOWS\SYSTEM32\WINMMBASE.dll
0x00007ffcea7f0000 - 0x00007ffcea7f9000 	C:\WINDOWS\system32\NSI.dll
0x00007ffcea170000 - 0x00007ffcea1bf000 	C:\WINDOWS\SYSTEM32\cfgmgr32.dll
0x00007ffce8db0000 - 0x00007ffce8dd8000 	C:\WINDOWS\SYSTEM32\DEVOBJ.dll
0x0000000065660000 - 0x000000006566f000 	C:\Program Files\Java\jdk1.8.0_05\jre\bin\verify.dll
0x0000000065630000 - 0x0000000065658000 	C:\Program Files\Java\jdk1.8.0_05\jre\bin\java.dll
0x0000000180000000 - 0x0000000180039000 	C:\WINDOWS\SYSTEM32\jvmhook.dll
0x00007ffcec0d0000 - 0x00007ffcec191000 	C:\WINDOWS\system32\OLEAUT32.dll
0x0000000065ea0000 - 0x0000000065f73000 	C:\WINDOWS\WinSxS\amd64_microsoft.vc90.crt_1fc8b3b9a1e18e3b_9.0.30729.8387_none_08e793bfa83a89b5\MSVCP90.dll
0x0000000065fc0000 - 0x0000000066063000 	C:\WINDOWS\WinSxS\amd64_microsoft.vc90.crt_1fc8b3b9a1e18e3b_9.0.30729.8387_none_08e793bfa83a89b5\MSVCR90.dll
0x0000000065610000 - 0x0000000065626000 	C:\Program Files\Java\jdk1.8.0_05\jre\bin\zip.dll

VM Arguments:
jvm_args: -agentlib:jvmhook -Djava.awt.headless=true -Xmx1024M -Dfile.encoding=windows-1252 -Duser.country=US -Duser.language=en -Duser.variant -Xrunjvmhook -Xbootclasspath/a:c:\Program Files (x86)\HP\Unified Functional Testing\bin\java_shared\classes;c:\Program Files (x86)\HP\Unified Functional Testing\bin\java_shared\classes\jasmine.jar 
java_command: com.android.dx.command.Main --dex --num-threads=4 --output C:\Users\Cumpanasu\AndroidStudioProjects\WordLex2\app\build\intermediates\pre-dexed\debug\com.android.support-support-v4-23.1.1_cedd2e03037568b25835045e55653336f3b2759e.jar C:\Users\Cumpanasu\AndroidStudioProjects\WordLex2\app\build\intermediates\exploded-aar\com.android.support\support-v4\23.1.1\jars\classes.jar
java_class_path (initial): C:\Users\Cumpanasu\AppData\Local\Android\sdk1\build-tools\23.0.2\lib\dx.jar
Launcher Type: SUN_STANDARD

Environment Variables:
JAVA_HOME=C:\Program Files\Java\jdk1.8.0_05\jre
JAVA_TOOL_OPTIONS=-agentlib:jvmhook
_JAVA_OPTIONS=-Xrunjvmhook -Xbootclasspath/a:"c:\Program Files (x86)\HP\Unified Functional Testing\bin\java_shared\classes";"c:\Program Files (x86)\HP\Unified Functional Testing\bin\java_shared\classes\jasmine.jar"
PATH=C:\Program Files\ImageMagick-6.9.1-Q16;C:\PYTHON34\;C:\PYTHON34\SCRIPTS;C:\PROGRAM FILES (X86)\INTEL\ICLS CLIENT\;C:\PROGRAM FILES\INTEL\ICLS CLIENT\;C:\PROGRAM FILES\BROADCOM\BROADCOM 802.11 NETWORK ADAPTER;C:\WINDOWS\SYSTEM32;C:\WINDOWS;C:\WINDOWS\SYSTEM32\WBEM;C:\WINDOWS\SYSTEM32\WINDOWSPOWERSHELL\V1.0\;C:\PROGRAM FILES\INTEL\INTEL(R) MANAGEMENT ENGINE COMPONENTS\DAL;C:\PROGRAM FILES\INTEL\INTEL(R) MANAGEMENT ENGINE COMPONENTS\IPT;C:\PROGRAM FILES (X86)\INTEL\INTEL(R) MANAGEMENT ENGINE COMPONENTS\DAL;C:\PROGRAM FILES (X86)\INTEL\INTEL(R) MANAGEMENT ENGINE COMPONENTS\IPT;;C:\PROGRAM FILES (X86)\INTEL\OPENCL SDK\2.0\BIN\X86;C:\PROGRAM FILES (X86)\INTEL\OPENCL SDK\2.0\BIN\X64;C:\PROGRAM FILES\SONY\VAIO IMPROVEMENT;C:\PROGRAM FILES (X86)\SONY\VAIO BIOS DATA TRANSFER UTILITY\;C:\PROGRAM FILES (X86)\SONY\VAIO STARTUP SETTING TOOL;C:\PROGRAM FILES (X86)\WINDOWS KITS\8.1\WINDOWS PERFORMANCE TOOLKIT\;C:\PROGRAM FILES\MICROSOFT SQL SERVER\110\TOOLS\BINN\;C:\PROGRAM FILES (X86)\MICROSOFT SQL SERVER\120\DTS\BINN\;C:\PROGRAM FILES (X86)\MICROSOFT SQL SERVER\CLIENT SDK\ODBC\110\TOOLS\BINN\;C:\PROGRAM FILES (X86)\MICROSOFT SQL SERVER\120\TOOLS\BINN\;C:\PROGRAM FILES (X86)\MICROSOFT SQL SERVER\120\TOOLS\BINN\MANAGEMENTSTUDIO\;C:\PROGRAM FILES (X86)\HP\UNIFIED FUNCTIONAL TESTING\BIN;C:\PROGRAM FILES\MICROSOFT NETWORK MONITOR 3\;C:\Program Files (x86)\QuickTime\QTSystem\;C:\Program Files (x86)\Skype\Phone\;C:\Program Files (x86)\Common Files\lenovo\easyplussdk\bin;C:\Emgu\emgucv-windows-universal-cuda 2.9.0.1922\bin\x86;c:\Program Files (x86)\HP\Unified Functional Testing\\bin64;c:\Program Files (x86)\HP\Unified Functional Testing\\bin64
USERNAME=Cumpanasu
OS=Windows_NT
PROCESSOR_IDENTIFIER=Intel64 Family 6 Model 58 Stepping 9, GenuineIntel



---------------  S Y S T E M  ---------------

OS: Windows 8.1 , 64 bit Build 9600 

CPU:total 2 (2 cores per cpu, 1 threads per core) family 6 model 58 stepping 9, cmov, cx8, fxsr, mmx, sse, sse2, sse3, ssse3, sse4.1, sse4.2, popcnt, clmul, erms, tsc, tscinvbit

Memory: 4k page, physical 4070196k(442876k free), swap 4070196k(4876k free)

vm_info: Java HotSpot(TM) 64-Bit Server VM (25.5-b02) for windows-amd64 JRE (1.8.0_05-b13), built on Mar 18 2014 01:08:39 by "java_re" with MS VC++ 10.0 (VS2010)

time: Mon Nov 23 09:43:52 2015
elapsed time: 2 seconds

